[  0%] Building CXX object CMakeFiles/cryptopp_vendor.dir/third_party/cryptopp/3way.cpp.o
[  1%] Building CXX object CMakeFiles/cryptopp_vendor.dir/third_party/cryptopp/adler32.cpp.o
[  1%] Building CXX object CMakeFiles/cryptopp_vendor.dir/third_party/cryptopp/algebra.cpp.o
[  2%] Building CXX object CMakeFiles/cryptopp_vendor.dir/third_party/cryptopp/algparam.cpp.o
[  2%] Building CXX object CMakeFiles/cryptopp_vendor.dir/third_party/cryptopp/allocate.cpp.o
[  3%] Building CXX object CMakeFiles/cryptopp_vendor.dir/third_party/cryptopp/arc4.cpp.o
[  3%] Building CXX object CMakeFiles/cryptopp_vendor.dir/third_party/cryptopp/aria.cpp.o
[  4%] Building CXX object CMakeFiles/cryptopp_vendor.dir/third_party/cryptopp/ariatab.cpp.o
[  4%] Building CXX object CMakeFiles/cryptopp_vendor.dir/third_party/cryptopp/asn.cpp.o
[  5%] Building CXX object CMakeFiles/cryptopp_vendor.dir/third_party/cryptopp/authenc.cpp.o
[  5%] Building CXX object CMakeFiles/cryptopp_vendor.dir/third_party/cryptopp/base32.cpp.o
[  6%] Building CXX object CMakeFiles/cryptopp_vendor.dir/third_party/cryptopp/base64.cpp.o
[  6%] Building CXX object CMakeFiles/cryptopp_vendor.dir/third_party/cryptopp/basecode.cpp.o
[  7%] Building CXX object CMakeFiles/cryptopp_vendor.dir/third_party/cryptopp/bfinit.cpp.o
[  7%] Building CXX object CMakeFiles/cryptopp_vendor.dir/third_party/cryptopp/blake2.cpp.o
[  8%] Building CXX object CMakeFiles/cryptopp_vendor.dir/third_party/cryptopp/blake2b_simd.cpp.o
[  8%] Building CXX object CMakeFiles/cryptopp_vendor.dir/third_party/cryptopp/blake2s_simd.cpp.o
[  9%] Building CXX object CMakeFiles/cryptopp_vendor.dir/third_party/cryptopp/blowfish.cpp.o
[  9%] Building CXX object CMakeFiles/cryptopp_vendor.dir/third_party/cryptopp/blumshub.cpp.o
[ 10%] Building CXX object CMakeFiles/cryptopp_vendor.dir/third_party/cryptopp/camellia.cpp.o
[ 10%] Building CXX object CMakeFiles/cryptopp_vendor.dir/third_party/cryptopp/cast.cpp.o
[ 11%] Building CXX object CMakeFiles/cryptopp_vendor.dir/third_party/cryptopp/casts.cpp.o
[ 11%] Building CXX object CMakeFiles/cryptopp_vendor.dir/third_party/cryptopp/cbcmac.cpp.o
[ 12%] Building CXX object CMakeFiles/cryptopp_vendor.dir/third_party/cryptopp/ccm.cpp.o
[ 12%] Building CXX object CMakeFiles/cryptopp_vendor.dir/third_party/cryptopp/chacha.cpp.o
[ 13%] Building CXX object CMakeFiles/cryptopp_vendor.dir/third_party/cryptopp/chacha_avx.cpp.o
[ 13%] Building CXX object CMakeFiles/cryptopp_vendor.dir/third_party/cryptopp/chacha_simd.cpp.o
[ 14%] Building CXX object CMakeFiles/cryptopp_vendor.dir/third_party/cryptopp/chachapoly.cpp.o
[ 14%] Building CXX object CMakeFiles/cryptopp_vendor.dir/third_party/cryptopp/cham.cpp.o
[ 15%] Building CXX object CMakeFiles/cryptopp_vendor.dir/third_party/cryptopp/cham_simd.cpp.o
[ 15%] Building CXX object CMakeFiles/cryptopp_vendor.dir/third_party/cryptopp/channels.cpp.o
[ 16%] Building CXX object CMakeFiles/cryptopp_vendor.dir/third_party/cryptopp/cmac.cpp.o
[ 16%] Building CXX object CMakeFiles/cryptopp_vendor.dir/third_party/cryptopp/cpu.cpp.o
[ 17%] Building CXX object CMakeFiles/cryptopp_vendor.dir/third_party/cryptopp/crc.cpp.o
[ 17%] Building CXX object CMakeFiles/cryptopp_vendor.dir/third_party/cryptopp/crc_simd.cpp.o
[ 18%] Building CXX object CMakeFiles/cryptopp_vendor.dir/third_party/cryptopp/cryptlib.cpp.o
[ 19%] Building CXX object CMakeFiles/cryptopp_vendor.dir/third_party/cryptopp/darn.cpp.o
[ 19%] Building CXX object CMakeFiles/cryptopp_vendor.dir/third_party/cryptopp/default.cpp.o
[ 20%] Building CXX object CMakeFiles/cryptopp_vendor.dir/third_party/cryptopp/des.cpp.o
[ 20%] Building CXX object CMakeFiles/cryptopp_vendor.dir/third_party/cryptopp/dessp.cpp.o
[ 21%] Building CXX object CMakeFiles/cryptopp_vendor.dir/third_party/cryptopp/dh.cpp.o
[ 21%] Building CXX object CMakeFiles/cryptopp_vendor.dir/third_party/cryptopp/dh2.cpp.o
[ 22%] Building CXX object CMakeFiles/cryptopp_vendor.dir/third_party/cryptopp/dll.cpp.o
[ 22%] Building CXX object CMakeFiles/cryptopp_vendor.dir/third_party/cryptopp/donna_32.cpp.o
[ 23%] Building CXX object CMakeFiles/cryptopp_vendor.dir/third_party/cryptopp/donna_64.cpp.o
[ 23%] Building CXX object CMakeFiles/cryptopp_vendor.dir/third_party/cryptopp/donna_sse.cpp.o
[ 24%] Building CXX object CMakeFiles/cryptopp_vendor.dir/third_party/cryptopp/dsa.cpp.o
[ 24%] Building CXX object CMakeFiles/cryptopp_vendor.dir/third_party/cryptopp/eax.cpp.o
[ 25%] Building CXX object CMakeFiles/cryptopp_vendor.dir/third_party/cryptopp/ec2n.cpp.o
[ 25%] Building CXX object CMakeFiles/cryptopp_vendor.dir/third_party/cryptopp/eccrypto.cpp.o
[ 26%] Building CXX object CMakeFiles/cryptopp_vendor.dir/third_party/cryptopp/ecp.cpp.o
[ 26%] Building CXX object CMakeFiles/cryptopp_vendor.dir/third_party/cryptopp/elgamal.cpp.o
[ 27%] Building CXX object CMakeFiles/cryptopp_vendor.dir/third_party/cryptopp/emsa2.cpp.o
[ 27%] Building CXX object CMakeFiles/cryptopp_vendor.dir/third_party/cryptopp/eprecomp.cpp.o
[ 28%] Building CXX object CMakeFiles/cryptopp_vendor.dir/third_party/cryptopp/esign.cpp.o
[ 28%] Building CXX object CMakeFiles/cryptopp_vendor.dir/third_party/cryptopp/files.cpp.o
[ 29%] Building CXX object CMakeFiles/cryptopp_vendor.dir/third_party/cryptopp/filters.cpp.o
[ 29%] Building CXX object CMakeFiles/cryptopp_vendor.dir/third_party/cryptopp/fips140.cpp.o
[ 30%] Building CXX object CMakeFiles/cryptopp_vendor.dir/third_party/cryptopp/gcm.cpp.o
[ 30%] Building CXX object CMakeFiles/cryptopp_vendor.dir/third_party/cryptopp/gcm_simd.cpp.o
[ 31%] Building CXX object CMakeFiles/cryptopp_vendor.dir/third_party/cryptopp/gf256.cpp.o
[ 31%] Building CXX object CMakeFiles/cryptopp_vendor.dir/third_party/cryptopp/gf2_32.cpp.o
[ 32%] Building CXX object CMakeFiles/cryptopp_vendor.dir/third_party/cryptopp/gf2n.cpp.o
[ 32%] Building CXX object CMakeFiles/cryptopp_vendor.dir/third_party/cryptopp/gf2n_simd.cpp.o
[ 33%] Building CXX object CMakeFiles/cryptopp_vendor.dir/third_party/cryptopp/gfpcrypt.cpp.o
[ 33%] Building CXX object CMakeFiles/cryptopp_vendor.dir/third_party/cryptopp/gost.cpp.o
[ 34%] Building CXX object CMakeFiles/cryptopp_vendor.dir/third_party/cryptopp/gzip.cpp.o
[ 34%] Building CXX object CMakeFiles/cryptopp_vendor.dir/third_party/cryptopp/hc128.cpp.o
[ 35%] Building CXX object CMakeFiles/cryptopp_vendor.dir/third_party/cryptopp/hc256.cpp.o
[ 35%] Building CXX object CMakeFiles/cryptopp_vendor.dir/third_party/cryptopp/hex.cpp.o
[ 36%] Building CXX object CMakeFiles/cryptopp_vendor.dir/third_party/cryptopp/hight.cpp.o
[ 36%] Building CXX object CMakeFiles/cryptopp_vendor.dir/third_party/cryptopp/hmac.cpp.o
[ 37%] Building CXX object CMakeFiles/cryptopp_vendor.dir/third_party/cryptopp/hrtimer.cpp.o
[ 37%] Building CXX object CMakeFiles/cryptopp_vendor.dir/third_party/cryptopp/ida.cpp.o
[ 38%] Building CXX object CMakeFiles/cryptopp_vendor.dir/third_party/cryptopp/idea.cpp.o
[ 39%] Building CXX object CMakeFiles/cryptopp_vendor.dir/third_party/cryptopp/integer.cpp.o
[ 39%] Building CXX object CMakeFiles/cryptopp_vendor.dir/third_party/cryptopp/iterhash.cpp.o
[ 40%] Building CXX object CMakeFiles/cryptopp_vendor.dir/third_party/cryptopp/kalyna.cpp.o
[ 40%] Building CXX object CMakeFiles/cryptopp_vendor.dir/third_party/cryptopp/kalynatab.cpp.o
[ 41%] Building CXX object CMakeFiles/cryptopp_vendor.dir/third_party/cryptopp/keccak.cpp.o
[ 41%] Building CXX object CMakeFiles/cryptopp_vendor.dir/third_party/cryptopp/keccak_core.cpp.o
[ 42%] Building CXX object CMakeFiles/cryptopp_vendor.dir/third_party/cryptopp/keccak_simd.cpp.o
[ 42%] Building CXX object CMakeFiles/cryptopp_vendor.dir/third_party/cryptopp/lea.cpp.o
[ 43%] Building CXX object CMakeFiles/cryptopp_vendor.dir/third_party/cryptopp/lea_simd.cpp.o
[ 43%] Building CXX object CMakeFiles/cryptopp_vendor.dir/third_party/cryptopp/lsh256.cpp.o
[ 44%] Building CXX object CMakeFiles/cryptopp_vendor.dir/third_party/cryptopp/lsh256_avx.cpp.o
[ 44%] Building CXX object CMakeFiles/cryptopp_vendor.dir/third_party/cryptopp/lsh256_sse.cpp.o
[ 45%] Building CXX object CMakeFiles/cryptopp_vendor.dir/third_party/cryptopp/lsh512.cpp.o
[ 45%] Building CXX object CMakeFiles/cryptopp_vendor.dir/third_party/cryptopp/lsh512_avx.cpp.o
[ 46%] Building CXX object CMakeFiles/cryptopp_vendor.dir/third_party/cryptopp/lsh512_sse.cpp.o
[ 46%] Building CXX object CMakeFiles/cryptopp_vendor.dir/third_party/cryptopp/luc.cpp.o
[ 47%] Building CXX object CMakeFiles/cryptopp_vendor.dir/third_party/cryptopp/mars.cpp.o
[ 47%] Building CXX object CMakeFiles/cryptopp_vendor.dir/third_party/cryptopp/marss.cpp.o
[ 48%] Building CXX object CMakeFiles/cryptopp_vendor.dir/third_party/cryptopp/md2.cpp.o
[ 48%] Building CXX object CMakeFiles/cryptopp_vendor.dir/third_party/cryptopp/md4.cpp.o
[ 49%] Building CXX object CMakeFiles/cryptopp_vendor.dir/third_party/cryptopp/md5.cpp.o
[ 49%] Building CXX object CMakeFiles/cryptopp_vendor.dir/third_party/cryptopp/misc.cpp.o
[ 50%] Building CXX object CMakeFiles/cryptopp_vendor.dir/third_party/cryptopp/modes.cpp.o
[ 50%] Building CXX object CMakeFiles/cryptopp_vendor.dir/third_party/cryptopp/mqueue.cpp.o
[ 51%] Building CXX object CMakeFiles/cryptopp_vendor.dir/third_party/cryptopp/mqv.cpp.o
[ 51%] Building CXX object CMakeFiles/cryptopp_vendor.dir/third_party/cryptopp/nbtheory.cpp.o
[ 52%] Building CXX object CMakeFiles/cryptopp_vendor.dir/third_party/cryptopp/neon_simd.cpp.o
[ 52%] Building CXX object CMakeFiles/cryptopp_vendor.dir/third_party/cryptopp/oaep.cpp.o
[ 53%] Building CXX object CMakeFiles/cryptopp_vendor.dir/third_party/cryptopp/osrng.cpp.o
[ 53%] Building CXX object CMakeFiles/cryptopp_vendor.dir/third_party/cryptopp/padlkrng.cpp.o
[ 54%] Building CXX object CMakeFiles/cryptopp_vendor.dir/third_party/cryptopp/panama.cpp.o
[ 54%] Building CXX object CMakeFiles/cryptopp_vendor.dir/third_party/cryptopp/pch.cpp.o
[ 55%] Building CXX object CMakeFiles/cryptopp_vendor.dir/third_party/cryptopp/pkcspad.cpp.o
[ 55%] Building CXX object CMakeFiles/cryptopp_vendor.dir/third_party/cryptopp/poly1305.cpp.o
[ 56%] Building CXX object CMakeFiles/cryptopp_vendor.dir/third_party/cryptopp/polynomi.cpp.o
[ 56%] Building CXX object CMakeFiles/cryptopp_vendor.dir/third_party/cryptopp/power7_ppc.cpp.o
[ 57%] Building CXX object CMakeFiles/cryptopp_vendor.dir/third_party/cryptopp/power8_ppc.cpp.o
[ 57%] Building CXX object CMakeFiles/cryptopp_vendor.dir/third_party/cryptopp/power9_ppc.cpp.o
[ 58%] Building CXX object CMakeFiles/cryptopp_vendor.dir/third_party/cryptopp/ppc_simd.cpp.o
[ 59%] Building CXX object CMakeFiles/cryptopp_vendor.dir/third_party/cryptopp/primetab.cpp.o
[ 59%] Building CXX object CMakeFiles/cryptopp_vendor.dir/third_party/cryptopp/pssr.cpp.o
[ 60%] Building CXX object CMakeFiles/cryptopp_vendor.dir/third_party/cryptopp/pubkey.cpp.o
[ 60%] Building CXX object CMakeFiles/cryptopp_vendor.dir/third_party/cryptopp/queue.cpp.o
[ 61%] Building CXX object CMakeFiles/cryptopp_vendor.dir/third_party/cryptopp/rabbit.cpp.o
[ 61%] Building CXX object CMakeFiles/cryptopp_vendor.dir/third_party/cryptopp/rabin.cpp.o
[ 62%] Building CXX object CMakeFiles/cryptopp_vendor.dir/third_party/cryptopp/randpool.cpp.o
[ 62%] Building CXX object CMakeFiles/cryptopp_vendor.dir/third_party/cryptopp/rc2.cpp.o
[ 63%] Building CXX object CMakeFiles/cryptopp_vendor.dir/third_party/cryptopp/rc5.cpp.o
[ 63%] Building CXX object CMakeFiles/cryptopp_vendor.dir/third_party/cryptopp/rc6.cpp.o
[ 64%] Building CXX object CMakeFiles/cryptopp_vendor.dir/third_party/cryptopp/rdrand.cpp.o
[ 64%] Building CXX object CMakeFiles/cryptopp_vendor.dir/third_party/cryptopp/rdtables.cpp.o
[ 65%] Building CXX object CMakeFiles/cryptopp_vendor.dir/third_party/cryptopp/rijndael.cpp.o
[ 65%] Building CXX object CMakeFiles/cryptopp_vendor.dir/third_party/cryptopp/rijndael_simd.cpp.o
[ 66%] Building CXX object CMakeFiles/cryptopp_vendor.dir/third_party/cryptopp/ripemd.cpp.o
[ 66%] Building CXX object CMakeFiles/cryptopp_vendor.dir/third_party/cryptopp/rng.cpp.o
[ 67%] Building CXX object CMakeFiles/cryptopp_vendor.dir/third_party/cryptopp/rsa.cpp.o
[ 67%] Building CXX object CMakeFiles/cryptopp_vendor.dir/third_party/cryptopp/rw.cpp.o
[ 68%] Building CXX object CMakeFiles/cryptopp_vendor.dir/third_party/cryptopp/safer.cpp.o
[ 68%] Building CXX object CMakeFiles/cryptopp_vendor.dir/third_party/cryptopp/salsa.cpp.o
[ 69%] Building CXX object CMakeFiles/cryptopp_vendor.dir/third_party/cryptopp/scrypt.cpp.o
[ 69%] Building CXX object CMakeFiles/cryptopp_vendor.dir/third_party/cryptopp/seal.cpp.o
[ 70%] Building CXX object CMakeFiles/cryptopp_vendor.dir/third_party/cryptopp/seed.cpp.o
[ 70%] Building CXX object CMakeFiles/cryptopp_vendor.dir/third_party/cryptopp/serpent.cpp.o
[ 71%] Building CXX object CMakeFiles/cryptopp_vendor.dir/third_party/cryptopp/sha.cpp.o
[ 71%] Building CXX object CMakeFiles/cryptopp_vendor.dir/third_party/cryptopp/sha3.cpp.o
[ 72%] Building CXX object CMakeFiles/cryptopp_vendor.dir/third_party/cryptopp/sha_simd.cpp.o
[ 72%] Building CXX object CMakeFiles/cryptopp_vendor.dir/third_party/cryptopp/shacal2.cpp.o
[ 73%] Building CXX object CMakeFiles/cryptopp_vendor.dir/third_party/cryptopp/shacal2_simd.cpp.o
[ 73%] Building CXX object CMakeFiles/cryptopp_vendor.dir/third_party/cryptopp/shake.cpp.o
[ 74%] Building CXX object CMakeFiles/cryptopp_vendor.dir/third_party/cryptopp/shark.cpp.o
[ 74%] Building CXX object CMakeFiles/cryptopp_vendor.dir/third_party/cryptopp/sharkbox.cpp.o
[ 75%] Building CXX object CMakeFiles/cryptopp_vendor.dir/third_party/cryptopp/simeck.cpp.o
[ 75%] Building CXX object CMakeFiles/cryptopp_vendor.dir/third_party/cryptopp/simon.cpp.o
[ 76%] Building CXX object CMakeFiles/cryptopp_vendor.dir/third_party/cryptopp/simon128_simd.cpp.o
[ 76%] Building CXX object CMakeFiles/cryptopp_vendor.dir/third_party/cryptopp/simple.cpp.o
[ 77%] Building CXX object CMakeFiles/cryptopp_vendor.dir/third_party/cryptopp/skipjack.cpp.o
[ 77%] Building CXX object CMakeFiles/cryptopp_vendor.dir/third_party/cryptopp/sm3.cpp.o
[ 78%] Building CXX object CMakeFiles/cryptopp_vendor.dir/third_party/cryptopp/sm4.cpp.o
[ 79%] Building CXX object CMakeFiles/cryptopp_vendor.dir/third_party/cryptopp/sm4_simd.cpp.o
[ 79%] Building CXX object CMakeFiles/cryptopp_vendor.dir/third_party/cryptopp/sosemanuk.cpp.o
[ 80%] Building CXX object CMakeFiles/cryptopp_vendor.dir/third_party/cryptopp/speck.cpp.o
[ 80%] Building CXX object CMakeFiles/cryptopp_vendor.dir/third_party/cryptopp/speck128_simd.cpp.o
[ 81%] Building CXX object CMakeFiles/cryptopp_vendor.dir/third_party/cryptopp/square.cpp.o
[ 81%] Building CXX object CMakeFiles/cryptopp_vendor.dir/third_party/cryptopp/squaretb.cpp.o
[ 82%] Building CXX object CMakeFiles/cryptopp_vendor.dir/third_party/cryptopp/sse_simd.cpp.o
[ 82%] Building CXX object CMakeFiles/cryptopp_vendor.dir/third_party/cryptopp/strciphr.cpp.o
[ 83%] Building CXX object CMakeFiles/cryptopp_vendor.dir/third_party/cryptopp/tea.cpp.o
[ 83%] Building CXX object CMakeFiles/cryptopp_vendor.dir/third_party/cryptopp/tftables.cpp.o
[ 84%] Building CXX object CMakeFiles/cryptopp_vendor.dir/third_party/cryptopp/threefish.cpp.o
[ 84%] Building CXX object CMakeFiles/cryptopp_vendor.dir/third_party/cryptopp/tiger.cpp.o
[ 85%] Building CXX object CMakeFiles/cryptopp_vendor.dir/third_party/cryptopp/tigertab.cpp.o
[ 85%] Building CXX object CMakeFiles/cryptopp_vendor.dir/third_party/cryptopp/ttmac.cpp.o
[ 86%] Building CXX object CMakeFiles/cryptopp_vendor.dir/third_party/cryptopp/tweetnacl.cpp.o
[ 86%] Building CXX object CMakeFiles/cryptopp_vendor.dir/third_party/cryptopp/twofish.cpp.o
[ 87%] Building CXX object CMakeFiles/cryptopp_vendor.dir/third_party/cryptopp/vmac.cpp.o
[ 87%] Building CXX object CMakeFiles/cryptopp_vendor.dir/third_party/cryptopp/wake.cpp.o
[ 88%] Building CXX object CMakeFiles/cryptopp_vendor.dir/third_party/cryptopp/whrlpool.cpp.o
[ 88%] Building CXX object CMakeFiles/cryptopp_vendor.dir/third_party/cryptopp/xed25519.cpp.o
[ 89%] Building CXX object CMakeFiles/cryptopp_vendor.dir/third_party/cryptopp/xtr.cpp.o
[ 89%] Building CXX object CMakeFiles/cryptopp_vendor.dir/third_party/cryptopp/xtrcrypt.cpp.o
[ 90%] Building CXX object CMakeFiles/cryptopp_vendor.dir/third_party/cryptopp/xts.cpp.o
[ 90%] Building CXX object CMakeFiles/cryptopp_vendor.dir/third_party/cryptopp/zdeflate.cpp.o
[ 91%] Building CXX object CMakeFiles/cryptopp_vendor.dir/third_party/cryptopp/zinflate.cpp.o
[ 91%] Building CXX object CMakeFiles/cryptopp_vendor.dir/third_party/cryptopp/zlib.cpp.o
[ 92%] Linking CXX static library libcryptopp_vendor.a
[ 92%] Built target cryptopp_vendor
[ 92%] Building CXX object CMakeFiles/libsafeanar.dir/src/anar_key.cpp.o
[ 93%] Building CXX object CMakeFiles/libsafeanar.dir/src/crypto_engine.cpp.o
[ 93%] Building CXX object CMakeFiles/libsafeanar.dir/src/key_generator.cpp.o
[ 94%] Building CXX object CMakeFiles/libsafeanar.dir/src/protocol_factory.cpp.o
[ 94%] Building CXX object CMakeFiles/libsafeanar.dir/src/stream_packer.cpp.o
[ 95%] Building CXX object CMakeFiles/libsafeanar.dir/src/secure_delete.cpp.o
[ 95%] Linking CXX static library liblibsafeanar.a
[ 95%] Built target libsafeanar
[ 96%] Building CXX object CMakeFiles/safeanar.dir/main.cpp.o
/app/main.cpp: In function ‘void {anonymous}::SecureWipeBytes(std::vector<unsigned char>&)’:
/app/main.cpp:377:9: error: ‘CryptoPP’ has not been declared
  377 |         CryptoPP::memset_z(bytes.data(), 0, bytes.size());
      |         ^~~~~~~~
/app/main.cpp: In function ‘void {anonymous}::SecureWipeString(std::string&)’:
/app/main.cpp:384:9: error: ‘CryptoPP’ has not been declared
  384 |         CryptoPP::memset_z(value.data(), 0, value.size());
      |         ^~~~~~~~
/app/main.cpp: In function ‘void {anonymous}::SecureWipeArray(std::array<unsigned char, N>&)’:
/app/main.cpp:391:5: error: ‘CryptoPP’ has not been declared
  391 |     CryptoPP::memset_z(bytes.data(), 0, bytes.size());
      |     ^~~~~~~~
gmake[2]: *** [CMakeFiles/safeanar.dir/build.make:76: CMakeFiles/safeanar.dir/main.cpp.o] Error 1
gmake[1]: *** [CMakeFiles/Makefile2:146: CMakeFiles/safeanar.dir/all] Error 2
gmake: *** [Makefile:91: all] Error 2
